#
# There is insufficient memory for the Java Runtime Environment to continue.
# Native memory allocation (mmap) failed to map 130023424 bytes for G1 virtual space
# Possible reasons:
#   The system is out of physical RAM or swap space
#   The process is running with CompressedOops enabled, and the Java Heap may be blocking the growth of the native heap
# Possible solutions:
#   Reduce memory load on the system
#   Increase physical memory or swap space
#   Check if swap backing store is full
#   Decrease Java heap size (-Xmx/-Xms)
#   Decrease number of Java threads
#   Decrease Java thread stack sizes (-Xss)
#   Set larger code cache with -XX:ReservedCodeCacheSize=
#   JVM is running with Zero Based Compressed Oops mode in which the Java heap is
#     placed in the first 32GB address space. The Java Heap base address is the
#     maximum limit for the native heap growth. Please use -XX:HeapBaseMinAddress
#     to set the Java Heap base and to place the Java Heap above 32GB virtual address.
# This output file may be truncated or incomplete.
#
#  Out of Memory Error (os_windows.cpp:3559), pid=17512, tid=23860
#
# JRE version: OpenJDK Runtime Environment Temurin-17.0.7+7 (17.0.7+7) (build 17.0.7+7)
# Java VM: OpenJDK 64-Bit Server VM Temurin-17.0.7+7 (17.0.7+7, mixed mode, tiered, compressed oops, compressed class ptrs, g1 gc, windows-amd64)
# No core dump will be written. Minidumps are not enabled by default on client versions of Windows
#

---------------  S U M M A R Y ------------

Command Line: -Dfile.encoding=UTF-8 -XX:+ShowCodeDetailsInExceptionMessages p0920.J0920_13

Host: Intel(R) Core(TM) i5-9400F CPU @ 2.90GHz, 6 cores, 31G,  Windows 10 , 64 bit Build 19041 (10.0.19041.3393)
Time: Wed Sep 20 17:21:23 2023  Windows 10 , 64 bit Build 19041 (10.0.19041.3393) elapsed time: 0.868657 seconds (0d 0h 0m 0s)

---------------  T H R E A D  ---------------

Current thread (0x000002b52560ba20):  VMThread "VM Thread" [stack: 0x000000e22f900000,0x000000e22fa00000] [id=23860]

Stack: [0x000000e22f900000,0x000000e22fa00000]
Native frames: (J=compiled Java code, j=interpreted, Vv=VM code, C=native code)
V  [jvm.dll+0x67754a]
V  [jvm.dll+0x834304]
V  [jvm.dll+0x835aae]
V  [jvm.dll+0x836113]
V  [jvm.dll+0x24696f]
V  [jvm.dll+0x6743f9]
V  [jvm.dll+0x668c8a]
V  [jvm.dll+0x3061bb]
V  [jvm.dll+0x30d6a6]
V  [jvm.dll+0x35cece]
V  [jvm.dll+0x35d0ff]
V  [jvm.dll+0x2dd048]
V  [jvm.dll+0x2db20c]
V  [jvm.dll+0x2da7dc]
V  [jvm.dll+0x31e6db]
V  [jvm.dll+0x83a5bb]
V  [jvm.dll+0x83b2f4]
V  [jvm.dll+0x83b80c]
V  [jvm.dll+0x83bbe4]
V  [jvm.dll+0x83bcb0]
V  [jvm.dll+0x7e4e7a]
V  [jvm.dll+0x676395]
C  [ucrtbase.dll+0x21bb2]
C  [KERNEL32.DLL+0x17344]
C  [ntdll.dll+0x526b1]

VM_Operation (0x000000e22f3ff310): G1CollectForAllocation, mode: safepoint, requested by thread 0x000002b57ce7e3a0


---------------  P R O C E S S  ---------------

Threads class SMR info:
_java_thread_list=0x000002b525680190, length=12, elements={
0x000002b57ce7e3a0, 0x000002b5255e2c20, 0x000002b5255e3a20, 0x000002b52564bb60,
0x000002b52564d430, 0x000002b525671400, 0x000002b52567e5e0, 0x000002b52567f5d0,
0x000002b525680390, 0x000002b525697470, 0x000002b5257f42e0, 0x000002b525804c10
}

Java Threads: ( => current thread )
  0x000002b57ce7e3a0 JavaThread "main" [_thread_blocked, id=24404, stack(0x000000e22f300000,0x000000e22f400000)]
  0x000002b5255e2c20 JavaThread "Reference Handler" daemon [_thread_blocked, id=11964, stack(0x000000e22fa00000,0x000000e22fb00000)]
  0x000002b5255e3a20 JavaThread "Finalizer" daemon [_thread_blocked, id=24392, stack(0x000000e22fb00000,0x000000e22fc00000)]
  0x000002b52564bb60 JavaThread "Signal Dispatcher" daemon [_thread_blocked, id=23896, stack(0x000000e22fc00000,0x000000e22fd00000)]
  0x000002b52564d430 JavaThread "Attach Listener" daemon [_thread_blocked, id=19808, stack(0x000000e22fd00000,0x000000e22fe00000)]
  0x000002b525671400 JavaThread "Service Thread" daemon [_thread_blocked, id=24512, stack(0x000000e22fe00000,0x000000e22ff00000)]
  0x000002b52567e5e0 JavaThread "Monitor Deflation Thread" daemon [_thread_blocked, id=24192, stack(0x000000e22ff00000,0x000000e230000000)]
  0x000002b52567f5d0 JavaThread "C2 CompilerThread0" daemon [_thread_blocked, id=5636, stack(0x000000e230000000,0x000000e230100000)]
  0x000002b525680390 JavaThread "C1 CompilerThread0" daemon [_thread_blocked, id=23912, stack(0x000000e230100000,0x000000e230200000)]
  0x000002b525697470 JavaThread "Sweeper thread" daemon [_thread_blocked, id=16832, stack(0x000000e230200000,0x000000e230300000)]
  0x000002b5257f42e0 JavaThread "Notification Thread" daemon [_thread_blocked, id=5712, stack(0x000000e230300000,0x000000e230400000)]
  0x000002b525804c10 JavaThread "Common-Cleaner" daemon [_thread_blocked, id=24376, stack(0x000000e230500000,0x000000e230600000)]

Other Threads:
=>0x000002b52560ba20 VMThread "VM Thread" [stack: 0x000000e22f900000,0x000000e22fa00000] [id=23860]
  0x000002b57cf48f40 WatcherThread [stack: 0x000000e230400000,0x000000e230500000] [id=3508]
  0x000002b57cf2c720 GCTaskThread "GC Thread#0" [stack: 0x000000e22f400000,0x000000e22f500000] [id=24480]
  0x000002b525806d20 GCTaskThread "GC Thread#1" [stack: 0x000000e230600000,0x000000e230700000] [id=17472]
  0x000002b5257f1f30 GCTaskThread "GC Thread#2" [stack: 0x000000e230700000,0x000000e230800000] [id=4812]
  0x000002b5257f9be0 GCTaskThread "GC Thread#3" [stack: 0x000000e230800000,0x000000e230900000] [id=24304]
  0x000002b5257f9e90 GCTaskThread "GC Thread#4" [stack: 0x000000e230900000,0x000000e230a00000] [id=9656]
  0x000002b525806fd0 GCTaskThread "GC Thread#5" [stack: 0x000000e230a00000,0x000000e230b00000] [id=24444]
  0x000002b57cf3dd60 ConcurrentGCThread "G1 Main Marker" [stack: 0x000000e22f500000,0x000000e22f600000] [id=11340]
  0x000002b57cf3e670 ConcurrentGCThread "G1 Conc#0" [stack: 0x000000e22f600000,0x000000e22f700000] [id=20256]
  0x000002b57f44f9f0 ConcurrentGCThread "G1 Refine#0" [stack: 0x000000e22f700000,0x000000e22f800000] [id=11592]
  0x000002b57f451230 ConcurrentGCThread "G1 Service" [stack: 0x000000e22f800000,0x000000e22f900000] [id=11324]

Threads with active compile tasks:

VM state: at safepoint (normal execution)

VM Mutex/Monitor currently owned by a thread:  ([mutex/lock_event])
[0x000002b57ce79920] Threads_lock - owner thread: 0x000002b52560ba20
[0x000002b57ce79b60] Heap_lock - owner thread: 0x000002b57ce7e3a0

Heap address: 0x0000000600c00000, size: 8180 MB, Compressed Oops mode: Zero based, Oop shift amount: 3

CDS archive(s) not mapped
Compressed class space mapped at: 0x0000000800000000-0x0000000840000000, reserved size: 1073741824
Narrow klass base: 0x0000000800000000, Narrow klass shift: 0, Narrow klass range: 0x40000000

GC Precious Log:
 CPUs: 6 total, 6 available
 Memory: 32712M
 Large Page Support: Disabled
 NUMA Support: Disabled
 Compressed Oops: Enabled (Zero based)
 Heap Region Size: 4M
 Heap Min Capacity: 8M
 Heap Initial Capacity: 512M
 Heap Max Capacity: 8180M
 Pre-touch: Disabled
 Parallel Workers: 6
 Concurrent Workers: 2
 Concurrent Refinement Workers: 6
 Periodic GC: Disabled

Heap:
 garbage-first heap   total 630784K, used 788K [0x0000000600c00000, 0x0000000800000000)
  region size 4096K, 1 young (4096K), 1 survivors (4096K)
 Metaspace       used 3833K, committed 4032K, reserved 1114112K
  class space    used 309K, committed 384K, reserved 1048576K

Heap Regions: E=young(eden), S=young(survivor), O=old, HS=humongous(starts), HC=humongous(continues), CS=collection set, F=free, OA=open archive, CA=closed archive, TAMS=top-at-mark-start (previous, next)
|   0|0x0000000600c00000, 0x0000000600c00000, 0x0000000601000000|  0%| F|  |TAMS 0x0000000600c00000, 0x0000000600c00000| Untracked 
|   1|0x0000000601000000, 0x0000000601000000, 0x0000000601400000|  0%| F|  |TAMS 0x0000000601000000, 0x0000000601000000| Untracked 
|   2|0x0000000601400000, 0x0000000601400000, 0x0000000601800000|  0%| F|  |TAMS 0x0000000601400000, 0x0000000601400000| Untracked 
|   3|0x0000000601800000, 0x0000000601800000, 0x0000000601c00000|  0%| F|  |TAMS 0x0000000601800000, 0x0000000601800000| Untracked 
|   4|0x0000000601c00000, 0x0000000601c00000, 0x0000000602000000|  0%| F|  |TAMS 0x0000000601c00000, 0x0000000601c00000| Untracked 
|   5|0x0000000602000000, 0x0000000602000000, 0x0000000602400000|  0%| F|  |TAMS 0x0000000602000000, 0x0000000602000000| Untracked 
|   6|0x0000000602400000, 0x0000000602400000, 0x0000000602800000|  0%| F|  |TAMS 0x0000000602400000, 0x0000000602400000| Untracked 
|   7|0x0000000602800000, 0x0000000602800000, 0x0000000602c00000|  0%| F|  |TAMS 0x0000000602800000, 0x0000000602800000| Untracked 
|   8|0x0000000602c00000, 0x0000000602c00000, 0x0000000603000000|  0%| F|  |TAMS 0x0000000602c00000, 0x0000000602c00000| Untracked 
|   9|0x0000000603000000, 0x0000000603000000, 0x0000000603400000|  0%| F|  |TAMS 0x0000000603000000, 0x0000000603000000| Untracked 
|  10|0x0000000603400000, 0x0000000603400000, 0x0000000603800000|  0%| F|  |TAMS 0x0000000603400000, 0x0000000603400000| Untracked 
|  11|0x0000000603800000, 0x0000000603800000, 0x0000000603c00000|  0%| F|  |TAMS 0x0000000603800000, 0x0000000603800000| Untracked 
|  12|0x0000000603c00000, 0x0000000603c00000, 0x0000000604000000|  0%| F|  |TAMS 0x0000000603c00000, 0x0000000603c00000| Untracked 
|  13|0x0000000604000000, 0x0000000604000000, 0x0000000604400000|  0%| F|  |TAMS 0x0000000604000000, 0x0000000604000000| Untracked 
|  14|0x0000000604400000, 0x0000000604400000, 0x0000000604800000|  0%| F|  |TAMS 0x0000000604400000, 0x0000000604400000| Untracked 
|  15|0x0000000604800000, 0x0000000604800000, 0x0000000604c00000|  0%| F|  |TAMS 0x0000000604800000, 0x0000000604800000| Untracked 
|  16|0x0000000604c00000, 0x0000000604c00000, 0x0000000605000000|  0%| F|  |TAMS 0x0000000604c00000, 0x0000000604c00000| Untracked 
|  17|0x0000000605000000, 0x0000000605000000, 0x0000000605400000|  0%| F|  |TAMS 0x0000000605000000, 0x0000000605000000| Untracked 
|  18|0x0000000605400000, 0x0000000605400000, 0x0000000605800000|  0%| F|  |TAMS 0x0000000605400000, 0x0000000605400000| Untracked 
|  19|0x0000000605800000, 0x0000000605800000, 0x0000000605c00000|  0%| F|  |TAMS 0x0000000605800000, 0x0000000605800000| Untracked 
|  20|0x0000000605c00000, 0x0000000605c00000, 0x0000000606000000|  0%| F|  |TAMS 0x0000000605c00000, 0x0000000605c00000| Untracked 
|  21|0x0000000606000000, 0x0000000606000000, 0x0000000606400000|  0%| F|  |TAMS 0x0000000606000000, 0x0000000606000000| Untracked 
|  22|0x0000000606400000, 0x0000000606400000, 0x0000000606800000|  0%| F|  |TAMS 0x0000000606400000, 0x0000000606400000| Untracked 
|  23|0x0000000606800000, 0x0000000606800000, 0x0000000606c00000|  0%| F|  |TAMS 0x0000000606800000, 0x0000000606800000| Untracked 
|  24|0x0000000606c00000, 0x0000000606c00000, 0x0000000607000000|  0%| F|  |TAMS 0x0000000606c00000, 0x0000000606c00000| Untracked 
|  25|0x0000000607000000, 0x0000000607000000, 0x0000000607400000|  0%| F|  |TAMS 0x0000000607000000, 0x0000000607000000| Untracked 
|  26|0x0000000607400000, 0x0000000607400000, 0x0000000607800000|  0%| F|  |TAMS 0x0000000607400000, 0x0000000607400000| Untracked 
|  27|0x0000000607800000, 0x0000000607800000, 0x0000000607c00000|  0%| F|  |TAMS 0x0000000607800000, 0x0000000607800000| Untracked 
|  28|0x0000000607c00000, 0x0000000607c00000, 0x0000000608000000|  0%| F|  |TAMS 0x0000000607c00000, 0x0000000607c00000| Untracked 
|  29|0x0000000608000000, 0x0000000608000000, 0x0000000608400000|  0%| F|  |TAMS 0x0000000608000000, 0x0000000608000000| Untracked 
|  30|0x0000000608400000, 0x0000000608400000, 0x0000000608800000|  0%| F|  |TAMS 0x0000000608400000, 0x0000000608400000| Untracked 
|  31|0x0000000608800000, 0x0000000608800000, 0x0000000608c00000|  0%| F|  |TAMS 0x0000000608800000, 0x0000000608800000| Untracked 
|  32|0x0000000608c00000, 0x0000000608c00000, 0x0000000609000000|  0%| F|  |TAMS 0x0000000608c00000, 0x0000000608c00000| Untracked 
|  33|0x0000000609000000, 0x0000000609000000, 0x0000000609400000|  0%| F|  |TAMS 0x0000000609000000, 0x0000000609000000| Untracked 
|  34|0x0000000609400000, 0x0000000609400000, 0x0000000609800000|  0%| F|  |TAMS 0x0000000609400000, 0x0000000609400000| Untracked 
|  35|0x0000000609800000, 0x0000000609800000, 0x0000000609c00000|  0%| F|  |TAMS 0x0000000609800000, 0x0000000609800000| Untracked 
|  36|0x0000000609c00000, 0x0000000609c00000, 0x000000060a000000|  0%| F|  |TAMS 0x0000000609c00000, 0x0000000609c00000| Untracked 
|  37|0x000000060a000000, 0x000000060a000000, 0x000000060a400000|  0%| F|  |TAMS 0x000000060a000000, 0x000000060a000000| Untracked 
|  38|0x000000060a400000, 0x000000060a400000, 0x000000060a800000|  0%| F|  |TAMS 0x000000060a400000, 0x000000060a400000| Untracked 
|  39|0x000000060a800000, 0x000000060a800000, 0x000000060ac00000|  0%| F|  |TAMS 0x000000060a800000, 0x000000060a800000| Untracked 
|  40|0x000000060ac00000, 0x000000060ac00000, 0x000000060b000000|  0%| F|  |TAMS 0x000000060ac00000, 0x000000060ac00000| Untracked 
|  41|0x000000060b000000, 0x000000060b000000, 0x000000060b400000|  0%| F|  |TAMS 0x000000060b000000, 0x000000060b000000| Untracked 
|  42|0x000000060b400000, 0x000000060b400000, 0x000000060b800000|  0%| F|  |TAMS 0x000000060b400000, 0x000000060b400000| Untracked 
|  43|0x000000060b800000, 0x000000060b800000, 0x000000060bc00000|  0%| F|  |TAMS 0x000000060b800000, 0x000000060b800000| Untracked 
|  44|0x000000060bc00000, 0x000000060bc00000, 0x000000060c000000|  0%| F|  |TAMS 0x000000060bc00000, 0x000000060bc00000| Untracked 
|  45|0x000000060c000000, 0x000000060c000000, 0x000000060c400000|  0%| F|  |TAMS 0x000000060c000000, 0x000000060c000000| Untracked 
|  46|0x000000060c400000, 0x000000060c400000, 0x000000060c800000|  0%| F|  |TAMS 0x000000060c400000, 0x000000060c400000| Untracked 
|  47|0x000000060c800000, 0x000000060c800000, 0x000000060cc00000|  0%| F|  |TAMS 0x000000060c800000, 0x000000060c800000| Untracked 
|  48|0x000000060cc00000, 0x000000060cc00000, 0x000000060d000000|  0%| F|  |TAMS 0x000000060cc00000, 0x000000060cc00000| Untracked 
|  49|0x000000060d000000, 0x000000060d000000, 0x000000060d400000|  0%| F|  |TAMS 0x000000060d000000, 0x000000060d000000| Untracked 
|  50|0x000000060d400000, 0x000000060d400000, 0x000000060d800000|  0%| F|  |TAMS 0x000000060d400000, 0x000000060d400000| Untracked 
|  51|0x000000060d800000, 0x000000060d800000, 0x000000060dc00000|  0%| F|  |TAMS 0x000000060d800000, 0x000000060d800000| Untracked 
|  52|0x000000060dc00000, 0x000000060dc00000, 0x000000060e000000|  0%| F|  |TAMS 0x000000060dc00000, 0x000000060dc00000| Untracked 
|  53|0x000000060e000000, 0x000000060e000000, 0x000000060e400000|  0%| F|  |TAMS 0x000000060e000000, 0x000000060e000000| Untracked 
|  54|0x000000060e400000, 0x000000060e400000, 0x000000060e800000|  0%| F|  |TAMS 0x000000060e400000, 0x000000060e400000| Untracked 
|  55|0x000000060e800000, 0x000000060e800000, 0x000000060ec00000|  0%| F|  |TAMS 0x000000060e800000, 0x000000060e800000| Untracked 
|  56|0x000000060ec00000, 0x000000060ec00000, 0x000000060f000000|  0%| F|  |TAMS 0x000000060ec00000, 0x000000060ec00000| Untracked 
|  57|0x000000060f000000, 0x000000060f000000, 0x000000060f400000|  0%| F|  |TAMS 0x000000060f000000, 0x000000060f000000| Untracked 
|  58|0x000000060f400000, 0x000000060f400000, 0x000000060f800000|  0%| F|  |TAMS 0x000000060f400000, 0x000000060f400000| Untracked 
|  59|0x000000060f800000, 0x000000060f800000, 0x000000060fc00000|  0%| F|  |TAMS 0x000000060f800000, 0x000000060f800000| Untracked 
|  60|0x000000060fc00000, 0x000000060fc00000, 0x0000000610000000|  0%| F|  |TAMS 0x000000060fc00000, 0x000000060fc00000| Untracked 
|  61|0x0000000610000000, 0x00000006100c5258, 0x0000000610400000| 19%| S|CS|TAMS 0x0000000610000000, 0x0000000610000000| Complete 
|  62|0x0000000610400000, 0x0000000610400000, 0x0000000610800000|  0%| F|  |TAMS 0x0000000610400000, 0x0000000610400000| Untracked 
|  63|0x0000000610800000, 0x0000000610800000, 0x0000000610c00000|  0%| F|  |TAMS 0x0000000610800000, 0x0000000610800000| Untracked 
|  64|0x0000000610c00000, 0x0000000610c00000, 0x0000000611000000|  0%| F|  |TAMS 0x0000000610c00000, 0x0000000610c00000| Untracked 
|  65|0x0000000611000000, 0x0000000611000000, 0x0000000611400000|  0%| F|  |TAMS 0x0000000611000000, 0x0000000611000000| Untracked 
|  66|0x0000000611400000, 0x0000000611400000, 0x0000000611800000|  0%| F|  |TAMS 0x0000000611400000, 0x0000000611400000| Untracked 
|  67|0x0000000611800000, 0x0000000611800000, 0x0000000611c00000|  0%| F|  |TAMS 0x0000000611800000, 0x0000000611800000| Untracked 
|  68|0x0000000611c00000, 0x0000000611c00000, 0x0000000612000000|  0%| F|  |TAMS 0x0000000611c00000, 0x0000000611c00000| Untracked 
|  69|0x0000000612000000, 0x0000000612000000, 0x0000000612400000|  0%| F|  |TAMS 0x0000000612000000, 0x0000000612000000| Untracked 
|  70|0x0000000612400000, 0x0000000612400000, 0x0000000612800000|  0%| F|  |TAMS 0x0000000612400000, 0x0000000612400000| Untracked 
|  71|0x0000000612800000, 0x0000000612800000, 0x0000000612c00000|  0%| F|  |TAMS 0x0000000612800000, 0x0000000612800000| Untracked 
|  72|0x0000000612c00000, 0x0000000612c00000, 0x0000000613000000|  0%| F|  |TAMS 0x0000000612c00000, 0x0000000612c00000| Untracked 
|  73|0x0000000613000000, 0x0000000613000000, 0x0000000613400000|  0%| F|  |TAMS 0x0000000613000000, 0x0000000613000000| Untracked 
|  74|0x0000000613400000, 0x0000000613400000, 0x0000000613800000|  0%| F|  |TAMS 0x0000000613400000, 0x0000000613400000| Untracked 
|  75|0x0000000613800000, 0x0000000613800000, 0x0000000613c00000|  0%| F|  |TAMS 0x0000000613800000, 0x0000000613800000| Untracked 
|  76|0x0000000613c00000, 0x0000000613c00000, 0x0000000614000000|  0%| F|  |TAMS 0x0000000613c00000, 0x0000000613c00000| Untracked 
|  77|0x0000000614000000, 0x0000000614000000, 0x0000000614400000|  0%| F|  |TAMS 0x0000000614000000, 0x0000000614000000| Untracked 
|  78|0x0000000614400000, 0x0000000614400000, 0x0000000614800000|  0%| F|  |TAMS 0x0000000614400000, 0x0000000614400000| Untracked 
|  79|0x0000000614800000, 0x0000000614800000, 0x0000000614c00000|  0%| F|  |TAMS 0x0000000614800000, 0x0000000614800000| Untracked 
|  80|0x0000000614c00000, 0x0000000614c00000, 0x0000000615000000|  0%| F|  |TAMS 0x0000000614c00000, 0x0000000614c00000| Untracked 
|  81|0x0000000615000000, 0x0000000615000000, 0x0000000615400000|  0%| F|  |TAMS 0x0000000615000000, 0x0000000615000000| Untracked 
|  82|0x0000000615400000, 0x0000000615400000, 0x0000000615800000|  0%| F|  |TAMS 0x0000000615400000, 0x0000000615400000| Untracked 
|  83|0x0000000615800000, 0x0000000615800000, 0x0000000615c00000|  0%| F|  |TAMS 0x0000000615800000, 0x0000000615800000| Untracked 
|  84|0x0000000615c00000, 0x0000000615c00000, 0x0000000616000000|  0%| F|  |TAMS 0x0000000615c00000, 0x0000000615c00000| Untracked 
|  85|0x0000000616000000, 0x0000000616000000, 0x0000000616400000|  0%| F|  |TAMS 0x0000000616000000, 0x0000000616000000| Untracked 
|  86|0x0000000616400000, 0x0000000616400000, 0x0000000616800000|  0%| F|  |TAMS 0x0000000616400000, 0x0000000616400000| Untracked 
|  87|0x0000000616800000, 0x0000000616800000, 0x0000000616c00000|  0%| F|  |TAMS 0x0000000616800000, 0x0000000616800000| Untracked 
|  88|0x0000000616c00000, 0x0000000616c00000, 0x0000000617000000|  0%| F|  |TAMS 0x0000000616c00000, 0x0000000616c00000| Untracked 
|  89|0x0000000617000000, 0x0000000617000000, 0x0000000617400000|  0%| F|  |TAMS 0x0000000617000000, 0x0000000617000000| Untracked 
|  90|0x0000000617400000, 0x0000000617400000, 0x0000000617800000|  0%| F|  |TAMS 0x0000000617400000, 0x0000000617400000| Untracked 
|  91|0x0000000617800000, 0x0000000617800000, 0x0000000617c00000|  0%| F|  |TAMS 0x0000000617800000, 0x0000000617800000| Untracked 
|  92|0x0000000617c00000, 0x0000000617c00000, 0x0000000618000000|  0%| F|  |TAMS 0x0000000617c00000, 0x0000000617c00000| Untracked 
|  93|0x0000000618000000, 0x0000000618000000, 0x0000000618400000|  0%| F|  |TAMS 0x0000000618000000, 0x0000000618000000| Untracked 
|  94|0x0000000618400000, 0x0000000618400000, 0x0000000618800000|  0%| F|  |TAMS 0x0000000618400000, 0x0000000618400000| Untracked 
|  95|0x0000000618800000, 0x0000000618800000, 0x0000000618c00000|  0%| F|  |TAMS 0x0000000618800000, 0x0000000618800000| Untracked 
|  96|0x0000000618c00000, 0x0000000618c00000, 0x0000000619000000|  0%| F|  |TAMS 0x0000000618c00000, 0x0000000618c00000| Untracked 
|  97|0x0000000619000000, 0x0000000619000000, 0x0000000619400000|  0%| F|  |TAMS 0x0000000619000000, 0x0000000619000000| Untracked 
|  98|0x0000000619400000, 0x0000000619400000, 0x0000000619800000|  0%| F|  |TAMS 0x0000000619400000, 0x0000000619400000| Untracked 
|  99|0x0000000619800000, 0x0000000619800000, 0x0000000619c00000|  0%| F|  |TAMS 0x0000000619800000, 0x0000000619800000| Untracked 
| 100|0x0000000619c00000, 0x0000000619c00000, 0x000000061a000000|  0%| F|  |TAMS 0x0000000619c00000, 0x0000000619c00000| Untracked 
| 101|0x000000061a000000, 0x000000061a000000, 0x000000061a400000|  0%| F|  |TAMS 0x000000061a000000, 0x000000061a000000| Untracked 
| 102|0x000000061a400000, 0x000000061a400000, 0x000000061a800000|  0%| F|  |TAMS 0x000000061a400000, 0x000000061a400000| Untracked 
| 103|0x000000061a800000, 0x000000061a800000, 0x000000061ac00000|  0%| F|  |TAMS 0x000000061a800000, 0x000000061a800000| Untracked 
| 104|0x000000061ac00000, 0x000000061ac00000, 0x000000061b000000|  0%| F|  |TAMS 0x000000061ac00000, 0x000000061ac00000| Untracked 
| 105|0x000000061b000000, 0x000000061b000000, 0x000000061b400000|  0%| F|  |TAMS 0x000000061b000000, 0x000000061b000000| Untracked 
| 106|0x000000061b400000, 0x000000061b400000, 0x000000061b800000|  0%| F|  |TAMS 0x000000061b400000, 0x000000061b400000| Untracked 
| 107|0x000000061b800000, 0x000000061b800000, 0x000000061bc00000|  0%| F|  |TAMS 0x000000061b800000, 0x000000061b800000| Untracked 
| 108|0x000000061bc00000, 0x000000061bc00000, 0x000000061c000000|  0%| F|  |TAMS 0x000000061bc00000, 0x000000061bc00000| Untracked 
| 109|0x000000061c000000, 0x000000061c000000, 0x000000061c400000|  0%| F|  |TAMS 0x000000061c000000, 0x000000061c000000| Untracked 
| 110|0x000000061c400000, 0x000000061c400000, 0x000000061c800000|  0%| F|  |TAMS 0x000000061c400000, 0x000000061c400000| Untracked 
| 111|0x000000061c800000, 0x000000061c800000, 0x000000061cc00000|  0%| F|  |TAMS 0x000000061c800000, 0x000000061c800000| Untracked 
| 112|0x000000061cc00000, 0x000000061cc00000, 0x000000061d000000|  0%| F|  |TAMS 0x000000061cc00000, 0x000000061cc00000| Untracked 
| 113|0x000000061d000000, 0x000000061d000000, 0x000000061d400000|  0%| F|  |TAMS 0x000000061d000000, 0x000000061d000000| Untracked 
| 114|0x000000061d400000, 0x000000061d400000, 0x000000061d800000|  0%| F|  |TAMS 0x000000061d400000, 0x000000061d400000| Untracked 
| 115|0x000000061d800000, 0x000000061d800000, 0x000000061dc00000|  0%| F|  |TAMS 0x000000061d800000, 0x000000061d800000| Untracked 
| 116|0x000000061dc00000, 0x000000061dc00000, 0x000000061e000000|  0%| F|  |TAMS 0x000000061dc00000, 0x000000061dc00000| Untracked 
| 117|0x000000061e000000, 0x000000061e000000, 0x000000061e400000|  0%| F|  |TAMS 0x000000061e000000, 0x000000061e000000| Untracked 
| 118|0x000000061e400000, 0x000000061e400000, 0x000000061e800000|  0%| F|  |TAMS 0x000000061e400000, 0x000000061e400000| Untracked 
| 119|0x000000061e800000, 0x000000061e800000, 0x000000061ec00000|  0%| F|  |TAMS 0x000000061e800000, 0x000000061e800000| Untracked 
| 120|0x000000061ec00000, 0x000000061ec00000, 0x000000061f000000|  0%| F|  |TAMS 0x000000061ec00000, 0x000000061ec00000| Untracked 
| 121|0x000000061f000000, 0x000000061f000000, 0x000000061f400000|  0%| F|  |TAMS 0x000000061f000000, 0x000000061f000000| Untracked 
| 122|0x000000061f400000, 0x000000061f400000, 0x000000061f800000|  0%| F|  |TAMS 0x000000061f400000, 0x000000061f400000| Untracked 
| 123|0x000000061f800000, 0x000000061f800000, 0x000000061fc00000|  0%| F|  |TAMS 0x000000061f800000, 0x000000061f800000| Untracked 
| 124|0x000000061fc00000, 0x000000061fc00000, 0x0000000620000000|  0%| F|  |TAMS 0x000000061fc00000, 0x000000061fc00000| Untracked 
| 125|0x0000000620000000, 0x0000000620000000, 0x0000000620400000|  0%| F|  |TAMS 0x0000000620000000, 0x0000000620000000| Untracked 
| 126|0x0000000620400000, 0x0000000620400000, 0x0000000620800000|  0%| F|  |TAMS 0x0000000620400000, 0x0000000620400000| Untracked 
| 127|0x0000000620800000, 0x0000000620800000, 0x0000000620c00000|  0%| F|  |TAMS 0x0000000620800000, 0x0000000620800000| Untracked 
| 128|0x0000000620c00000, 0x0000000620c00000, 0x0000000621000000|  0%| F|  |TAMS 0x0000000620c00000, 0x0000000620c00000| Untracked 
| 129|0x0000000621000000, 0x0000000621000000, 0x0000000621400000|  0%| F|  |TAMS 0x0000000621000000, 0x0000000621000000| Untracked 
| 130|0x0000000621400000, 0x0000000621400000, 0x0000000621800000|  0%| F|  |TAMS 0x0000000621400000, 0x0000000621400000| Untracked 
| 131|0x0000000621800000, 0x0000000621800000, 0x0000000621c00000|  0%| F|  |TAMS 0x0000000621800000, 0x0000000621800000| Untracked 
| 132|0x0000000621c00000, 0x0000000621c00000, 0x0000000622000000|  0%| F|  |TAMS 0x0000000621c00000, 0x0000000621c00000| Untracked 
| 133|0x0000000622000000, 0x0000000622000000, 0x0000000622400000|  0%| F|  |TAMS 0x0000000622000000, 0x0000000622000000| Untracked 
| 134|0x0000000622400000, 0x0000000622400000, 0x0000000622800000|  0%| F|  |TAMS 0x0000000622400000, 0x0000000622400000| Untracked 
| 135|0x0000000622800000, 0x0000000622800000, 0x0000000622c00000|  0%| F|  |TAMS 0x0000000622800000, 0x0000000622800000| Untracked 
| 136|0x0000000622c00000, 0x0000000622c00000, 0x0000000623000000|  0%| F|  |TAMS 0x0000000622c00000, 0x0000000622c00000| Untracked 
| 137|0x0000000623000000, 0x0000000623000000, 0x0000000623400000|  0%| F|  |TAMS 0x0000000623000000, 0x0000000623000000| Untracked 
| 138|0x0000000623400000, 0x0000000623400000, 0x0000000623800000|  0%| F|  |TAMS 0x0000000623400000, 0x0000000623400000| Untracked 
| 139|0x0000000623800000, 0x0000000623800000, 0x0000000623c00000|  0%| F|  |TAMS 0x0000000623800000, 0x0000000623800000| Untracked 
| 140|0x0000000623c00000, 0x0000000623c00000, 0x0000000624000000|  0%| F|  |TAMS 0x0000000623c00000, 0x0000000623c00000| Untracked 
| 141|0x0000000624000000, 0x0000000624000000, 0x0000000624400000|  0%| F|  |TAMS 0x0000000624000000, 0x0000000624000000| Untracked 
| 142|0x0000000624400000, 0x0000000624400000, 0x0000000624800000|  0%| F|  |TAMS 0x0000000624400000, 0x0000000624400000| Untracked 
| 143|0x0000000624800000, 0x0000000624800000, 0x0000000624c00000|  0%| F|  |TAMS 0x0000000624800000, 0x0000000624800000| Untracked 
| 144|0x0000000624c00000, 0x0000000624c00000, 0x0000000625000000|  0%| F|  |TAMS 0x0000000624c00000, 0x0000000624c00000| Untracked 
| 145|0x0000000625000000, 0x0000000625000000, 0x0000000625400000|  0%| F|  |TAMS 0x0000000625000000, 0x0000000625000000| Untracked 
| 146|0x0000000625400000, 0x0000000625400000, 0x0000000625800000|  0%| F|  |TAMS 0x0000000625400000, 0x0000000625400000| Untracked 
| 147|0x0000000625800000, 0x0000000625800000, 0x0000000625c00000|  0%| F|  |TAMS 0x0000000625800000, 0x0000000625800000| Untracked 
| 148|0x0000000625c00000, 0x0000000625c00000, 0x0000000626000000|  0%| F|  |TAMS 0x0000000625c00000, 0x0000000625c00000| Untracked 
| 149|0x0000000626000000, 0x0000000626000000, 0x0000000626400000|  0%| F|  |TAMS 0x0000000626000000, 0x0000000626000000| Untracked 
| 150|0x0000000626400000, 0x0000000626400000, 0x0000000626800000|  0%| F|  |TAMS 0x0000000626400000, 0x0000000626400000| Untracked 
| 151|0x0000000626800000, 0x0000000626800000, 0x0000000626c00000|  0%| F|  |TAMS 0x0000000626800000, 0x0000000626800000| Untracked 
| 152|0x0000000626c00000, 0x0000000626c00000, 0x0000000627000000|  0%| F|  |TAMS 0x0000000626c00000, 0x0000000626c00000| Untracked 
| 153|0x0000000627000000, 0x0000000627000000, 0x0000000627400000|  0%| F|  |TAMS 0x0000000627000000, 0x0000000627000000| Untracked 

Card table byte_map: [0x000002b57e060000,0x000002b57f060000] _byte_map_base: 0x000002b57b05a000

Marking Bits (Prev, Next): (CMBitMap*) 0x000002b57cf2cc30, (CMBitMap*) 0x000002b57cf2cc70
 Prev Bits: [0x000002b5135f0000, 0x000002b51b5c0000)
 Next Bits: [0x000002b51b5c0000, 0x000002b523590000)

Polling page: 0x000002b57adc0000

Metaspace:

Usage:
  Non-class:      3.44 MB used.
      Class:    309.20 KB used.
       Both:      3.74 MB used.

Virtual space:
  Non-class space:       64.00 MB reserved,       3.56 MB (  6%) committed,  1 nodes.
      Class space:        1.00 GB reserved,     384.00 KB ( <1%) committed,  1 nodes.
             Both:        1.06 GB reserved,       3.94 MB ( <1%) committed. 

Chunk freelists:
   Non-Class:  12.00 MB
       Class:  15.62 MB
        Both:  27.62 MB

MaxMetaspaceSize: unlimited
CompressedClassSpaceSize: 1.00 GB
Initial GC threshold: 21.00 MB
Current GC threshold: 21.00 MB
CDS: off
MetaspaceReclaimPolicy: balanced
 - commit_granule_bytes: 65536.
 - commit_granule_words: 8192.
 - virtual_space_node_default_size: 8388608.
 - enlarge_chunks_in_place: 1.
 - new_chunks_are_fully_committed: 0.
 - uncommit_free_chunks: 1.
 - use_allocation_guard: 0.
 - handle_deallocations: 1.


Internal statistics:

num_allocs_failed_limit: 0.
num_arena_births: 4.
num_arena_deaths: 0.
num_vsnodes_births: 2.
num_vsnodes_deaths: 0.
num_space_committed: 63.
num_space_uncommitted: 0.
num_chunks_returned_to_freelist: 0.
num_chunks_taken_from_freelist: 6.
num_chunk_merges: 0.
num_chunk_splits: 3.
num_chunks_enlarged: 0.
num_inconsistent_stats: 0.

CodeHeap 'non-profiled nmethods': size=120000Kb used=37Kb max_used=37Kb free=119962Kb
 bounds [0x000002b50b0c0000, 0x000002b50b330000, 0x000002b5125f0000]
CodeHeap 'profiled nmethods': size=120000Kb used=114Kb max_used=114Kb free=119885Kb
 bounds [0x000002b5035f0000, 0x000002b503860000, 0x000002b50ab20000]
CodeHeap 'non-nmethods': size=5760Kb used=1037Kb max_used=1054Kb free=4722Kb
 bounds [0x000002b50ab20000, 0x000002b50ad90000, 0x000002b50b0c0000]
 total_blobs=390 nmethods=99 adapters=204
 compilation: enabled
              stopped_count=0, restarted_count=0
 full_count=0

Compilation events (20 events):
Event: 0.124 Thread 0x000002b52567f5d0   90       4       java.lang.Integer::stringSize (47 bytes)
Event: 0.125 Thread 0x000002b52567f5d0 nmethod 90 0x000002b50b0c3910 code [0x000002b50b0c3a80, 0x000002b50b0c3b78]
Event: 0.131 Thread 0x000002b52567f5d0   91       4       java.lang.AbstractStringBuilder::append (45 bytes)
Event: 0.134 Thread 0x000002b52567f5d0 nmethod 91 0x000002b50b0c3c10 code [0x000002b50b0c3dc0, 0x000002b50b0c4178]
Event: 0.134 Thread 0x000002b52567f5d0   92       4       java.lang.StringLatin1::newString (24 bytes)
Event: 0.136 Thread 0x000002b52567f5d0 nmethod 92 0x000002b50b0c4490 code [0x000002b50b0c4620, 0x000002b50b0c4a98]
Event: 0.136 Thread 0x000002b52567f5d0   93       4       java.lang.Integer::getChars (131 bytes)
Event: 0.140 Thread 0x000002b52567f5d0 nmethod 93 0x000002b50b0c4c90 code [0x000002b50b0c4e20, 0x000002b50b0c5238]
Event: 0.144 Thread 0x000002b52567f5d0   94       4       java.lang.StringBuilder::toString (35 bytes)
Event: 0.146 Thread 0x000002b52567f5d0 nmethod 94 0x000002b50b0c5490 code [0x000002b50b0c5620, 0x000002b50b0c5a98]
Event: 0.147 Thread 0x000002b52567f5d0   95       4       java.lang.StringBuilder::append (8 bytes)
Event: 0.154 Thread 0x000002b52567f5d0 nmethod 95 0x000002b50b0c5c90 code [0x000002b50b0c5e40, 0x000002b50b0c66b8]
Event: 0.154 Thread 0x000002b52567f5d0   96       4       java.lang.AbstractStringBuilder::append (55 bytes)
Event: 0.163 Thread 0x000002b52567f5d0 nmethod 96 0x000002b50b0c6b90 code [0x000002b50b0c6d40, 0x000002b50b0c7578]
Event: 0.163 Thread 0x000002b52567f5d0   97       4       java.lang.String::valueOf (15 bytes)
Event: 0.164 Thread 0x000002b52567f5d0 nmethod 97 0x000002b50b0c7a10 code [0x000002b50b0c7b80, 0x000002b50b0c7c18]
Event: 0.170 Thread 0x000002b52567f5d0   98       4       java.lang.StringBuilder::<init> (6 bytes)
Event: 0.174 Thread 0x000002b52567f5d0 nmethod 98 0x000002b50b0c7d10 code [0x000002b50b0c7ec0, 0x000002b50b0c85b8]
Event: 0.175 Thread 0x000002b52567f5d0   99       4       java.lang.AbstractStringBuilder::<init> (63 bytes)
Event: 0.179 Thread 0x000002b52567f5d0 nmethod 99 0x000002b50b0c8990 code [0x000002b50b0c8b40, 0x000002b50b0c91d8]

GC Heap History (20 events):
Event: 0.233 GC heap after
{Heap after GC invocations=3 (full 0):
 garbage-first heap   total 524288K, used 728K [0x0000000600c00000, 0x0000000800000000)
  region size 4096K, 1 young (4096K), 1 survivors (4096K)
 Metaspace       used 3833K, committed 4032K, reserved 1114112K
  class space    used 309K, committed 384K, reserved 1048576K
}
Event: 0.287 GC heap before
{Heap before GC invocations=3 (full 0):
 garbage-first heap   total 524288K, used 303832K [0x0000000600c00000, 0x0000000800000000)
  region size 4096K, 76 young (311296K), 1 survivors (4096K)
 Metaspace       used 3833K, committed 4032K, reserved 1114112K
  class space    used 309K, committed 384K, reserved 1048576K
}
Event: 0.288 GC heap after
{Heap after GC invocations=4 (full 0):
 garbage-first heap   total 524288K, used 720K [0x0000000600c00000, 0x0000000800000000)
  region size 4096K, 1 young (4096K), 1 survivors (4096K)
 Metaspace       used 3833K, committed 4032K, reserved 1114112K
  class space    used 309K, committed 384K, reserved 1048576K
}
Event: 0.344 GC heap before
{Heap before GC invocations=4 (full 0):
 garbage-first heap   total 524288K, used 303824K [0x0000000600c00000, 0x0000000800000000)
  region size 4096K, 76 young (311296K), 1 survivors (4096K)
 Metaspace       used 3833K, committed 4032K, reserved 1114112K
  class space    used 309K, committed 384K, reserved 1048576K
}
Event: 0.344 GC heap after
{Heap after GC invocations=5 (full 0):
 garbage-first heap   total 524288K, used 806K [0x0000000600c00000, 0x0000000800000000)
  region size 4096K, 1 young (4096K), 1 survivors (4096K)
 Metaspace       used 3833K, committed 4032K, reserved 1114112K
  class space    used 309K, committed 384K, reserved 1048576K
}
Event: 0.397 GC heap before
{Heap before GC invocations=5 (full 0):
 garbage-first heap   total 524288K, used 303910K [0x0000000600c00000, 0x0000000800000000)
  region size 4096K, 76 young (311296K), 1 survivors (4096K)
 Metaspace       used 3833K, committed 4032K, reserved 1114112K
  class space    used 309K, committed 384K, reserved 1048576K
}
Event: 0.398 GC heap after
{Heap after GC invocations=6 (full 0):
 garbage-first heap   total 524288K, used 707K [0x0000000600c00000, 0x0000000800000000)
  region size 4096K, 1 young (4096K), 1 survivors (4096K)
 Metaspace       used 3833K, committed 4032K, reserved 1114112K
  class space    used 309K, committed 384K, reserved 1048576K
}
Event: 0.450 GC heap before
{Heap before GC invocations=6 (full 0):
 garbage-first heap   total 524288K, used 303811K [0x0000000600c00000, 0x0000000800000000)
  region size 4096K, 76 young (311296K), 1 survivors (4096K)
 Metaspace       used 3833K, committed 4032K, reserved 1114112K
  class space    used 309K, committed 384K, reserved 1048576K
}
Event: 0.451 GC heap after
{Heap after GC invocations=7 (full 0):
 garbage-first heap   total 630784K, used 827K [0x0000000600c00000, 0x0000000800000000)
  region size 4096K, 1 young (4096K), 1 survivors (4096K)
 Metaspace       used 3833K, committed 4032K, reserved 1114112K
  class space    used 309K, committed 384K, reserved 1048576K
}
Event: 0.535 GC heap before
{Heap before GC invocations=7 (full 0):
 garbage-first heap   total 630784K, used 369467K [0x0000000600c00000, 0x0000000800000000)
  region size 4096K, 92 young (376832K), 1 survivors (4096K)
 Metaspace       used 3833K, committed 4032K, reserved 1114112K
  class space    used 309K, committed 384K, reserved 1048576K
}
Event: 0.536 GC heap after
{Heap after GC invocations=8 (full 0):
 garbage-first heap   total 630784K, used 726K [0x0000000600c00000, 0x0000000800000000)
  region size 4096K, 1 young (4096K), 1 survivors (4096K)
 Metaspace       used 3833K, committed 4032K, reserved 1114112K
  class space    used 309K, committed 384K, reserved 1048576K
}
Event: 0.601 GC heap before
{Heap before GC invocations=8 (full 0):
 garbage-first heap   total 630784K, used 369366K [0x0000000600c00000, 0x0000000800000000)
  region size 4096K, 92 young (376832K), 1 survivors (4096K)
 Metaspace       used 3833K, committed 4032K, reserved 1114112K
  class space    used 309K, committed 384K, reserved 1048576K
}
Event: 0.602 GC heap after
{Heap after GC invocations=9 (full 0):
 garbage-first heap   total 630784K, used 865K [0x0000000600c00000, 0x0000000800000000)
  region size 4096K, 1 young (4096K), 1 survivors (4096K)
 Metaspace       used 3833K, committed 4032K, reserved 1114112K
  class space    used 309K, committed 384K, reserved 1048576K
}
Event: 0.667 GC heap before
{Heap before GC invocations=9 (full 0):
 garbage-first heap   total 630784K, used 369505K [0x0000000600c00000, 0x0000000800000000)
  region size 4096K, 92 young (376832K), 1 survivors (4096K)
 Metaspace       used 3833K, committed 4032K, reserved 1114112K
  class space    used 309K, committed 384K, reserved 1048576K
}
Event: 0.668 GC heap after
{Heap after GC invocations=10 (full 0):
 garbage-first heap   total 630784K, used 779K [0x0000000600c00000, 0x0000000800000000)
  region size 4096K, 1 young (4096K), 1 survivors (4096K)
 Metaspace       used 3833K, committed 4032K, reserved 1114112K
  class space    used 309K, committed 384K, reserved 1048576K
}
Event: 0.730 GC heap before
{Heap before GC invocations=10 (full 0):
 garbage-first heap   total 630784K, used 369419K [0x0000000600c00000, 0x0000000800000000)
  region size 4096K, 92 young (376832K), 1 survivors (4096K)
 Metaspace       used 3833K, committed 4032K, reserved 1114112K
  class space    used 309K, committed 384K, reserved 1048576K
}
Event: 0.731 GC heap after
{Heap after GC invocations=11 (full 0):
 garbage-first heap   total 630784K, used 743K [0x0000000600c00000, 0x0000000800000000)
  region size 4096K, 1 young (4096K), 1 survivors (4096K)
 Metaspace       used 3833K, committed 4032K, reserved 1114112K
  class space    used 309K, committed 384K, reserved 1048576K
}
Event: 0.799 GC heap before
{Heap before GC invocations=11 (full 0):
 garbage-first heap   total 630784K, used 369383K [0x0000000600c00000, 0x0000000800000000)
  region size 4096K, 92 young (376832K), 1 survivors (4096K)
 Metaspace       used 3833K, committed 4032K, reserved 1114112K
  class space    used 309K, committed 384K, reserved 1048576K
}
Event: 0.800 GC heap after
{Heap after GC invocations=12 (full 0):
 garbage-first heap   total 630784K, used 924K [0x0000000600c00000, 0x0000000800000000)
  region size 4096K, 1 young (4096K), 1 survivors (4096K)
 Metaspace       used 3833K, committed 4032K, reserved 1114112K
  class space    used 309K, committed 384K, reserved 1048576K
}
Event: 0.866 GC heap before
{Heap before GC invocations=12 (full 0):
 garbage-first heap   total 630784K, used 369564K [0x0000000600c00000, 0x0000000800000000)
  region size 4096K, 92 young (376832K), 1 survivors (4096K)
 Metaspace       used 3833K, committed 4032K, reserved 1114112K
  class space    used 309K, committed 384K, reserved 1048576K
}

Dll operation events (1 events):
Event: 0.007 Loaded shared library C:\eclipse\plugins\org.eclipse.justj.openjdk.hotspot.jre.full.win32.x86_64_17.0.7.v20230425-1502\jre\bin\java.dll

Deoptimization events (0 events):
No events

Classes unloaded (0 events):
No events

Classes redefined (0 events):
No events

Internal exceptions (0 events):
No events

VM Operations (20 events):
Event: 0.233 Executing VM operation: G1CollectForAllocation done
Event: 0.287 Executing VM operation: G1CollectForAllocation
Event: 0.288 Executing VM operation: G1CollectForAllocation done
Event: 0.344 Executing VM operation: G1CollectForAllocation
Event: 0.344 Executing VM operation: G1CollectForAllocation done
Event: 0.397 Executing VM operation: G1CollectForAllocation
Event: 0.398 Executing VM operation: G1CollectForAllocation done
Event: 0.450 Executing VM operation: G1CollectForAllocation
Event: 0.451 Executing VM operation: G1CollectForAllocation done
Event: 0.535 Executing VM operation: G1CollectForAllocation
Event: 0.537 Executing VM operation: G1CollectForAllocation done
Event: 0.601 Executing VM operation: G1CollectForAllocation
Event: 0.602 Executing VM operation: G1CollectForAllocation done
Event: 0.667 Executing VM operation: G1CollectForAllocation
Event: 0.668 Executing VM operation: G1CollectForAllocation done
Event: 0.730 Executing VM operation: G1CollectForAllocation
Event: 0.731 Executing VM operation: G1CollectForAllocation done
Event: 0.799 Executing VM operation: G1CollectForAllocation
Event: 0.800 Executing VM operation: G1CollectForAllocation done
Event: 0.866 Executing VM operation: G1CollectForAllocation

Events (20 events):
Event: 0.091 loading class java/security/UnresolvedPermission
Event: 0.091 loading class java/security/UnresolvedPermission done
Event: 0.091 loading class java/security/SecureClassLoader$DebugHolder
Event: 0.091 loading class java/security/SecureClassLoader$DebugHolder done
Event: 0.091 loading class sun/security/util/Debug
Event: 0.092 loading class sun/security/util/Debug done
Event: 0.092 loading class java/lang/PublicMethods$MethodList
Event: 0.092 loading class java/lang/PublicMethods$MethodList done
Event: 0.092 loading class java/lang/PublicMethods$Key
Event: 0.092 loading class java/lang/PublicMethods$Key done
Event: 0.092 loading class java/lang/Void
Event: 0.092 loading class java/lang/Void done
Event: 0.092 loading class java/nio/CharBuffer
Event: 0.092 loading class java/lang/Readable
Event: 0.092 loading class java/lang/Readable done
Event: 0.093 loading class java/nio/CharBuffer done
Event: 0.093 loading class java/nio/HeapCharBuffer
Event: 0.093 loading class java/nio/HeapCharBuffer done
Event: 0.093 loading class java/nio/charset/CoderResult
Event: 0.093 loading class java/nio/charset/CoderResult done


Dynamic libraries:
0x00007ff64e920000 - 0x00007ff64e92e000 	C:\eclipse\plugins\org.eclipse.justj.openjdk.hotspot.jre.full.win32.x86_64_17.0.7.v20230425-1502\jre\bin\javaw.exe
0x00007ffe27cd0000 - 0x00007ffe27ec8000 	C:\Windows\SYSTEM32\ntdll.dll
0x00007ffdf7800000 - 0x00007ffdf7819000 	C:\Program Files\AVG\Antivirus\aswhook.dll
0x00007ffe27840000 - 0x00007ffe278fd000 	C:\Windows\System32\KERNEL32.DLL
0x00007ffe256b0000 - 0x00007ffe259a6000 	C:\Windows\System32\KERNELBASE.dll
0x00007ffe25ad0000 - 0x00007ffe25bd0000 	C:\Windows\System32\ucrtbase.dll
0x00007ffe206c0000 - 0x00007ffe206d7000 	C:\eclipse\plugins\org.eclipse.justj.openjdk.hotspot.jre.full.win32.x86_64_17.0.7.v20230425-1502\jre\bin\jli.dll
0x00007ffdf7110000 - 0x00007ffdf7129000 	C:\eclipse\plugins\org.eclipse.justj.openjdk.hotspot.jre.full.win32.x86_64_17.0.7.v20230425-1502\jre\bin\VCRUNTIME140.dll
0x00007ffe26300000 - 0x00007ffe2649e000 	C:\Windows\System32\USER32.dll
0x00007ffe25580000 - 0x00007ffe255a2000 	C:\Windows\System32\win32u.dll
0x00007ffe26650000 - 0x00007ffe2667c000 	C:\Windows\System32\GDI32.dll
0x00007ffe0a580000 - 0x00007ffe0a81a000 	C:\Windows\WinSxS\amd64_microsoft.windows.common-controls_6595b64144ccf1df_6.0.19041.1110_none_60b5254171f9507e\COMCTL32.dll
0x00007ffe259b0000 - 0x00007ffe25aca000 	C:\Windows\System32\gdi32full.dll
0x00007ffe25c90000 - 0x00007ffe25d2d000 	C:\Windows\System32\msvcp_win.dll
0x00007ffe26e20000 - 0x00007ffe26ebe000 	C:\Windows\System32\msvcrt.dll
0x00007ffe267b0000 - 0x00007ffe267e0000 	C:\Windows\System32\IMM32.DLL
0x00007ffe1d770000 - 0x00007ffe1d77c000 	C:\eclipse\plugins\org.eclipse.justj.openjdk.hotspot.jre.full.win32.x86_64_17.0.7.v20230425-1502\jre\bin\vcruntime140_1.dll
0x00007ffdf7aa0000 - 0x00007ffdf7b31000 	C:\eclipse\plugins\org.eclipse.justj.openjdk.hotspot.jre.full.win32.x86_64_17.0.7.v20230425-1502\jre\bin\msvcp140.dll
0x00007ffda8ff0000 - 0x00007ffda9c38000 	C:\eclipse\plugins\org.eclipse.justj.openjdk.hotspot.jre.full.win32.x86_64_17.0.7.v20230425-1502\jre\bin\server\jvm.dll
0x00007ffe26ec0000 - 0x00007ffe26f6e000 	C:\Windows\System32\ADVAPI32.dll
0x00007ffe27720000 - 0x00007ffe277bc000 	C:\Windows\System32\sechost.dll
0x00007ffe26680000 - 0x00007ffe267a6000 	C:\Windows\System32\RPCRT4.dll
0x00007ffe1ade0000 - 0x00007ffe1ae07000 	C:\Windows\SYSTEM32\WINMM.dll
0x00007ffe1aff0000 - 0x00007ffe1aff9000 	C:\Windows\SYSTEM32\WSOCK32.dll
0x00007ffe1fda0000 - 0x00007ffe1fdaa000 	C:\Windows\SYSTEM32\VERSION.dll
0x00007ffe26db0000 - 0x00007ffe26e1b000 	C:\Windows\System32\WS2_32.dll
0x00007ffe23260000 - 0x00007ffe23272000 	C:\Windows\SYSTEM32\kernel.appcore.dll
0x00007ffe0c680000 - 0x00007ffe0c68a000 	C:\eclipse\plugins\org.eclipse.justj.openjdk.hotspot.jre.full.win32.x86_64_17.0.7.v20230425-1502\jre\bin\jimage.dll
0x00007ffe1ec70000 - 0x00007ffe1ee54000 	C:\Windows\SYSTEM32\DBGHELP.DLL
0x00007ffe1ea40000 - 0x00007ffe1ea74000 	C:\Windows\SYSTEM32\dbgcore.DLL
0x00007ffe25c00000 - 0x00007ffe25c82000 	C:\Windows\System32\bcryptPrimitives.dll
0x00007ffdf6a30000 - 0x00007ffdf6a55000 	C:\eclipse\plugins\org.eclipse.justj.openjdk.hotspot.jre.full.win32.x86_64_17.0.7.v20230425-1502\jre\bin\java.dll
0x00007ffdf6930000 - 0x00007ffdf6948000 	C:\eclipse\plugins\org.eclipse.justj.openjdk.hotspot.jre.full.win32.x86_64_17.0.7.v20230425-1502\jre\bin\zip.dll
0x00007ffe26f70000 - 0x00007ffe276b5000 	C:\Windows\System32\SHELL32.dll
0x00007ffe23460000 - 0x00007ffe23bfb000 	C:\Windows\SYSTEM32\windows.storage.dll
0x00007ffe27910000 - 0x00007ffe27c64000 	C:\Windows\System32\combase.dll
0x00007ffe24df0000 - 0x00007ffe24e1e000 	C:\Windows\SYSTEM32\Wldp.dll
0x00007ffe26c50000 - 0x00007ffe26cfd000 	C:\Windows\System32\SHCORE.dll
0x00007ffe276c0000 - 0x00007ffe27715000 	C:\Windows\System32\shlwapi.dll
0x00007ffe252e0000 - 0x00007ffe25305000 	C:\Windows\SYSTEM32\profapi.dll

dbghelp: loaded successfully - version: 4.0.5 - missing functions: none
symbol engine: initialized successfully - sym options: 0x614 - pdb path: .;C:\eclipse\plugins\org.eclipse.justj.openjdk.hotspot.jre.full.win32.x86_64_17.0.7.v20230425-1502\jre\bin;C:\Windows\SYSTEM32;C:\Program Files\AVG\Antivirus;C:\Windows\WinSxS\amd64_microsoft.windows.common-controls_6595b64144ccf1df_6.0.19041.1110_none_60b5254171f9507e;C:\eclipse\plugins\org.eclipse.justj.openjdk.hotspot.jre.full.win32.x86_64_17.0.7.v20230425-1502\jre\bin\server

VM Arguments:
jvm_args: -Dfile.encoding=UTF-8 -XX:+ShowCodeDetailsInExceptionMessages 
java_command: p0920.J0920_13
java_class_path (initial): C:\workspace\p0920\bin
Launcher Type: SUN_STANDARD

[Global flags]
     intx CICompilerCount                          = 3                                         {product} {ergonomic}
     uint ConcGCThreads                            = 2                                         {product} {ergonomic}
     uint G1ConcRefinementThreads                  = 6                                         {product} {ergonomic}
   size_t G1HeapRegionSize                         = 4194304                                   {product} {ergonomic}
    uintx GCDrainStackTargetSize                   = 64                                        {product} {ergonomic}
   size_t InitialHeapSize                          = 536870912                                 {product} {ergonomic}
   size_t MarkStackSize                            = 4194304                                   {product} {ergonomic}
   size_t MaxHeapSize                              = 8577351680                                {product} {ergonomic}
   size_t MaxNewSize                               = 5146411008                                {product} {ergonomic}
   size_t MinHeapDeltaBytes                        = 4194304                                   {product} {ergonomic}
   size_t MinHeapSize                              = 8388608                                   {product} {ergonomic}
    uintx NonNMethodCodeHeapSize                   = 5832780                                {pd product} {ergonomic}
    uintx NonProfiledCodeHeapSize                  = 122912730                              {pd product} {ergonomic}
    uintx ProfiledCodeHeapSize                     = 122912730                              {pd product} {ergonomic}
    uintx ReservedCodeCacheSize                    = 251658240                              {pd product} {ergonomic}
     bool SegmentedCodeCache                       = true                                      {product} {ergonomic}
     bool ShowCodeDetailsInExceptionMessages       = true                                   {manageable} {command line}
   size_t SoftMaxHeapSize                          = 8577351680                             {manageable} {ergonomic}
     bool UseCompressedClassPointers               = true                           {product lp64_product} {ergonomic}
     bool UseCompressedOops                        = true                           {product lp64_product} {ergonomic}
     bool UseG1GC                                  = true                                      {product} {ergonomic}
     bool UseLargePagesIndividualAllocation        = false                                  {pd product} {ergonomic}

Logging:
Log output configuration:
 #0: stdout all=warning uptime,level,tags
 #1: stderr all=off uptime,level,tags

Environment Variables:
PATH=C:/eclipse//plugins/org.eclipse.justj.openjdk.hotspot.jre.full.win32.x86_64_17.0.7.v20230425-1502/jre/bin/server;C:/eclipse//plugins/org.eclipse.justj.openjdk.hotspot.jre.full.win32.x86_64_17.0.7.v20230425-1502/jre/bin;C:\Program Files (x86)\Common Files\Oracle\Java\javapath;C:\Windows\system32;C:\Windows;C:\Windows\System32\Wbem;C:\Windows\System32\WindowsPowerShell\v1.0\;C:\Windows\System32\OpenSSH\;C:\Program Files\Bandizip\;C:\jdk18\bin;C:\Users\KOREAVC\AppData\Local\Microsoft\WindowsApps;;C:\Users\KOREAVC\AppData\Local\Programs\Microsoft VS Code\bin;C:\eclipse;
USERNAME=KOREAVC
OS=Windows_NT
PROCESSOR_IDENTIFIER=Intel64 Family 6 Model 158 Stepping 13, GenuineIntel
TMP=C:\Users\KOREAVC\AppData\Local\Temp
TEMP=C:\Users\KOREAVC\AppData\Local\Temp



---------------  S Y S T E M  ---------------

OS:
 Windows 10 , 64 bit Build 19041 (10.0.19041.3393)
OS uptime: 5 days 16:20 hours

CPU: total 6 (initial active 6) (6 cores per cpu, 1 threads per core) family 6 model 158 stepping 13 microcode 0xb8, cx8, cmov, fxsr, mmx, 3dnowpref, sse, sse2, sse3, ssse3, sse4.1, sse4.2, popcnt, lzcnt, tsc, tscinvbit, avx, avx2, aes, erms, clmul, bmi1, bmi2, adx, fma, vzeroupper, clflush, clflushopt

Memory: 4k page, system-wide physical 32712M (20082M free)
TotalPageFile size 61261M (AvailPageFile size 106M)
current process WorkingSet (physical memory assigned to process): 440M, peak: 440M
current process commit charge ("private bytes"): 707M, peak: 831M

vm_info: OpenJDK 64-Bit Server VM (17.0.7+7) for windows-amd64 JRE (17.0.7+7), built on Apr 18 2023 22:10:42 by "temurin" with MS VC++ 16.7 (VS2019)

END.
